Traceback (most recent call last):
  File "/Users/rafael/uni/pdesoft26/.venv/lib/python3.13/site-packages/jupyter_cache/executors/utils.py", line 58, in single_nb_execution
    executenb(
    ~~~~~~~~~^
        nb,
        ^^^
    ...<4 lines>...
        **kwargs,
        ^^^^^^^^^
    )
    ^
  File "/Users/rafael/uni/pdesoft26/.venv/lib/python3.13/site-packages/nbclient/client.py", line 1323, in execute
    return NotebookClient(nb=nb, resources=resources, km=km, **kwargs).execute()
           ~~~~~~~~~~~~~~~~~~~~~~~~~~~~~~~~~~~~~~~~~~~~~~~~~~~~~~~~~~~~~~~~~~~^^
  File "/Users/rafael/uni/pdesoft26/.venv/lib/python3.13/site-packages/jupyter_core/utils/__init__.py", line 165, in wrapped
    return loop.run_until_complete(inner)
           ~~~~~~~~~~~~~~~~~~~~~~~^^^^^^^
  File "/Library/Frameworks/Python.framework/Versions/3.13/lib/python3.13/asyncio/base_events.py", line 725, in run_until_complete
    return future.result()
           ~~~~~~~~~~~~~^^
  File "/Users/rafael/uni/pdesoft26/.venv/lib/python3.13/site-packages/nbclient/client.py", line 709, in async_execute
    await self.async_execute_cell(
        cell, index, execution_count=self.code_cells_executed + 1
    )
  File "/Users/rafael/uni/pdesoft26/.venv/lib/python3.13/site-packages/nbclient/client.py", line 1062, in async_execute_cell
    await self._check_raise_for_error(cell, cell_index, exec_reply)
  File "/Users/rafael/uni/pdesoft26/.venv/lib/python3.13/site-packages/nbclient/client.py", line 918, in _check_raise_for_error
    raise CellExecutionError.from_cell_and_msg(cell, exec_reply_content)
nbclient.exceptions.CellExecutionError: An error occurred while executing the following cell:
------------------
import importlib.util
import subprocess
import sys

if importlib.util.find_spec("google.colab") is not None:
    subprocess.check_call([
        "apt-get", "update", "-qq"
    ])
    subprocess.check_call([
        "apt-get", "install", "-y", "-qq",
        "cmake", "g++", "git", "libopenmpi-dev",
        "openmpi-bin", "libblas-dev", "liblapack-dev",
    ])
    subprocess.check_call([
        sys.executable, "-m", "pip", "install", "-q", "--upgrade",
        "ngsolve", "anywidget",
    ])
    subprocess.check_call([
        sys.executable, "-m", "pip", "install", "-q",
        "git+https://github.com/htool-ddm/htool_python.git@beedf2f6aef52681033d19f14176f7433c5d93e8",
    ])
------------------


[31m---------------------------------------------------------------------------[39m
[31mModuleNotFoundError[39m                       Traceback (most recent call last)
[36mCell[39m[36m [39m[32mIn[1][39m[32m, line 5[39m
[32m      1[39m [38;5;28;01mimport[39;00m importlib.util
[32m      2[39m [38;5;28;01mimport[39;00m subprocess
[32m      3[39m [38;5;28;01mimport[39;00m sys
[32m      4[39m 
[32m----> [39m[32m5[39m [38;5;28;01mif[39;00m importlib.util.find_spec([33m"google.colab"[39m) [38;5;28;01mis[39;00m [38;5;28;01mnot[39;00m [38;5;28;01mNone[39;00m:
[32m      6[39m     subprocess.check_call([
[32m      7[39m         [33m"apt-get"[39m, [33m"update"[39m, [33m"-qq"[39m
[32m      8[39m     ])

[36mFile [39m[32m<frozen importlib.util>:91[39m, in [36mfind_spec[39m[34m(name, package)[39m

[31mModuleNotFoundError[39m: No module named 'google'

